2025/03/11 12:12:15.884519 Server logging initialized - output directed to console and server.log
2025/03/11 12:12:16.012366 Connected to postgres database successfully
2025/03/11 12:12:16.019403 Server starting on port 8080
2025/03/11 12:13:18.807920 Shutting down server...
2025/03/11 12:13:18.808340 Server exited properly
2025/03/11 12:44:36.921987 Server logging initialized - output directed to console and server.log
2025/03/11 12:44:36.953327 Connected to postgres database successfully
2025/03/11 12:44:36.954944 Server starting on port 8080
2025/03/11 12:45:06.482082 Test log entry - this should appear in server.log
2025/03/11 14:39:27.218950 Shutting down server...
2025/03/11 14:39:27.220257 Server exited properly
2025/03/11 14:39:31.358003 Server logging initialized - output directed to console and server.log
2025/03/11 14:39:31.390703 Connected to postgres database successfully
2025/03/11 14:39:31.394089 Server starting on port 8080
2025/03/11 14:39:43.855860 Shutting down server...
2025/03/11 14:39:43.856085 Server exited properly
2025/03/11 14:42:28.083207 Server logging initialized - output directed to console and server.log
2025/03/11 14:42:28.099744 Connected to postgres database successfully
2025/03/11 14:42:28.100256 Server starting on port 8080
2025/03/11 14:42:28.839732 Test log entry - this should appear in server.log
2025/03/11 14:46:05.442230 [JWT] Validating token: eyJhbGciOi...
2025/03/11 14:46:05.443921 [JWT] Validating token: eyJhbGciOi...
2025/03/11 14:46:05.444462 [JWT] Token validated successfully for user: dboi
2025/03/11 14:46:05.444757 [JWT] Token validated successfully for user: dboi
2025/03/11 14:46:05.486588 [JWT] Validating token: eyJhbGciOi...
2025/03/11 14:46:05.486703 [JWT] Token validated successfully for user: dboi
2025/03/11 14:46:05.490015 [JWT] Validating token: eyJhbGciOi...
2025/03/11 14:46:05.490134 [JWT] Token validated successfully for user: dboi
2025/03/11 14:46:05.498327 [JWT] Validating token: eyJhbGciOi...
2025/03/11 14:46:05.498443 [JWT] Token validated successfully for user: dboi
2025/03/11 14:46:05.499517 [JWT] Validating token: eyJhbGciOi...
2025/03/11 14:46:05.499598 [JWT] Token validated successfully for user: dboi
2025/03/11 14:48:27.304220 Test log entry - this should appear in server.log
2025/03/11 14:49:34.325227 Shutting down server...
2025/03/11 14:49:34.325494 Server exited properly
2025/03/11 14:50:04.326140 Server logging initialized - output directed to console and server.log
2025/03/11 14:50:04.365321 Connected to postgres database successfully
2025/03/11 14:50:04.366538 Server starting on port 8080
2025/03/11 15:14:18.503602 Test log entry - this should appear in server.log
2025/03/11 15:16:21.161108 Shutting down server...
2025/03/11 15:16:21.161739 Server exited properly
2025/03/11 15:16:27.368742 Server logging initialized - output directed to console and server.log
2025/03/11 15:16:27.408824 Connected to postgres database successfully
2025/03/11 15:16:27.409739 Server starting on port 8080
2025/03/11 15:17:38.114553 [JWT] Validating token: eyJhbGciOi...
2025/03/11 15:17:38.114903 [JWT] Validating token: eyJhbGciOi...
2025/03/11 15:17:38.115200 [JWT] Token validated successfully for user: dboi
2025/03/11 15:17:38.116060 [JWT] Token validated successfully for user: dboi
2025/03/11 15:17:38.142497 [JWT] Validating token: eyJhbGciOi...
2025/03/11 15:17:38.142601 [JWT] Token validated successfully for user: dboi
2025/03/11 15:17:38.143933 [JWT] Validating token: eyJhbGciOi...
2025/03/11 15:17:38.144001 [JWT] Token validated successfully for user: dboi
2025/03/11 15:17:38.158130 [JWT] Validating token: eyJhbGciOi...
2025/03/11 15:17:38.158436 [JWT] Token validated successfully for user: dboi
2025/03/11 15:17:38.171472 [JWT] Validating token: eyJhbGciOi...
2025/03/11 15:17:38.171572 [JWT] Token validated successfully for user: dboi
2025/03/11 15:17:58.313807 Test log entry - this should appear in server.log
2025/03/11 15:22:44.552707 [JWT] Validating token: eyJhbGciOi...
2025/03/11 15:22:44.552985 [JWT] Token validated successfully for user: dboi
2025/03/11 15:22:44.552707 [JWT] Validating token: eyJhbGciOi...
2025/03/11 15:22:44.553173 [JWT] Token validated successfully for user: dboi
2025/03/11 15:22:44.557729 [JWT] Validating token: eyJhbGciOi...
2025/03/11 15:22:44.557843 [JWT] Token validated successfully for user: dboi
2025/03/11 15:22:44.559528 [JWT] Validating token: eyJhbGciOi...
2025/03/11 15:22:44.559625 [JWT] Token validated successfully for user: dboi
2025/03/11 15:22:44.562135 [JWT] Validating token: eyJhbGciOi...
2025/03/11 15:22:44.562230 [JWT] Token validated successfully for user: dboi
2025/03/11 15:22:44.565154 [JWT] Validating token: eyJhbGciOi...
2025/03/11 15:22:44.565250 [JWT] Token validated successfully for user: dboi
2025/03/11 16:59:02.736864 [JWT] Validating token: eyJhbGciOi...
2025/03/11 16:59:02.737730 [JWT] Token validated successfully for user: dboi
2025/03/11 16:59:02.737157 [JWT] Validating token: eyJhbGciOi...
2025/03/11 16:59:02.738017 [JWT] Token validated successfully for user: dboi
2025/03/11 16:59:02.782028 [JWT] Validating token: eyJhbGciOi...
2025/03/11 16:59:02.782161 [JWT] Token validated successfully for user: dboi
2025/03/11 16:59:02.787977 [JWT] Validating token: eyJhbGciOi...
2025/03/11 16:59:02.788132 [JWT] Token validated successfully for user: dboi
2025/03/11 16:59:02.795382 [JWT] Validating token: eyJhbGciOi...
2025/03/11 16:59:02.795612 [JWT] Token validated successfully for user: dboi
2025/03/11 16:59:02.799205 [JWT] Validating token: eyJhbGciOi...
2025/03/11 16:59:02.799322 [JWT] Token validated successfully for user: dboi
2025/03/11 17:00:56.094376 [JWT] Validating token: eyJhbGciOi...
2025/03/11 17:00:56.095367 [JWT] Token validated successfully for user: dboi
2025/03/11 17:00:56.094622 [JWT] Validating token: eyJhbGciOi...
2025/03/11 17:00:56.095671 [JWT] Token validated successfully for user: dboi
2025/03/11 17:00:56.118540 [JWT] Validating token: eyJhbGciOi...
2025/03/11 17:00:56.118663 [JWT] Token validated successfully for user: dboi
2025/03/11 17:00:56.125012 [JWT] Validating token: eyJhbGciOi...
2025/03/11 17:00:56.125138 [JWT] Token validated successfully for user: dboi
2025/03/11 17:00:56.130840 [JWT] Validating token: eyJhbGciOi...
2025/03/11 17:00:56.130971 [JWT] Token validated successfully for user: dboi
2025/03/11 17:00:56.137131 [JWT] Validating token: eyJhbGciOi...
2025/03/11 17:00:56.137231 [JWT] Token validated successfully for user: dboi
2025/03/12 00:33:54.912108 Test log entry - this should appear in server.log
2025/03/12 00:50:05.101327 Shutting down server...
2025/03/12 00:50:05.103642 Server exited properly
2025/03/16 18:40:33.592910 Server logging initialized - output directed to console and server.log
2025/03/16 18:40:33.611243 Connected to postgres database successfully
2025/03/16 18:40:33.611911 Server starting on port 8080
2025/03/16 18:42:11.626024 [JWT] Validating token: eyJhbGciOi...
2025/03/16 18:42:11.626100 [JWT] Token validated successfully for user: smartboi
2025/03/16 18:42:11.625421 [JWT] Validating token: eyJhbGciOi...
2025/03/16 18:42:11.626205 [JWT] Token validated successfully for user: smartboi
2025/03/16 18:42:11.637611 [JWT] Validating token: eyJhbGciOi...
2025/03/16 18:42:11.637649 [JWT] Token validated successfully for user: smartboi
2025/03/16 18:42:11.647284 [JWT] Validating token: eyJhbGciOi...
2025/03/16 18:42:11.647321 [JWT] Token validated successfully for user: smartboi
2025/03/16 18:42:11.659472 [JWT] Validating token: eyJhbGciOi...
2025/03/16 18:42:11.659544 [JWT] Token validated successfully for user: smartboi
2025/03/16 18:42:11.660640 [JWT] Validating token: eyJhbGciOi...
2025/03/16 18:42:11.660676 [JWT] Token validated successfully for user: smartboi
2025/03/16 18:42:47.655658 Shutting down server...
2025/03/16 18:42:47.658391 Server exited properly
